TN:
SF:src/entities/User.ts
FN:7,User
FN:15,Object.<anonymous>.User.create
FNF:2
FNH:2
FNDA:2,User
FNDA:2,Object.<anonymous>.User.create
DA:1,1
DA:2,1
DA:3,1
DA:4,1
DA:5,1
DA:6,1
DA:7,1
DA:8,2
DA:9,2
DA:10,2
DA:11,2
DA:12,2
DA:13,2
DA:14,1
DA:15,1
DA:16,2
DA:17,2
DA:18,2
DA:19,1
DA:20,1
DA:21,1
LF:21
LH:21
BRDA:1,0,0,1
BRDA:7,1,0,2
BRDA:15,2,0,2
BRF:3
BRH:3
end_of_record
TN:
SF:src/modules/createUser/CreateUserService.ts
FN:11,CreateUserService
FN:13,Object.<anonymous>.CreateUserService.execute
FNF:2
FNH:2
FNDA:1,CreateUserService
FNDA:3,Object.<anonymous>.CreateUserService.execute
DA:1,1
DA:2,1
DA:3,1
DA:4,1
DA:5,1
DA:6,1
DA:7,1
DA:8,1
DA:9,1
DA:10,1
DA:11,1
DA:12,1
DA:13,1
DA:14,3
DA:15,3
DA:16,3
DA:17,1
DA:18,1
DA:19,2
DA:20,2
DA:21,2
DA:22,3
DA:23,3
DA:24,1
DA:25,1
DA:26,1
LF:26
LH:26
BRDA:10,0,0,1
BRDA:11,1,0,1
BRDA:13,2,0,3
BRDA:14,3,0,3
BRDA:16,4,0,1
BRDA:19,5,0,2
BRF:6
BRH:6
end_of_record
TN:
SF:src/repositories/in-memory/UsersRepositoryInMemory.ts
FN:5,UsersRepositoryInMemory
FN:8,Object.<anonymous>.UsersRepositoryInMemory.create
FN:17,Object.<anonymous>.UsersRepositoryInMemory.exists
FNF:3
FNH:3
FNDA:1,UsersRepositoryInMemory
FNDA:2,Object.<anonymous>.UsersRepositoryInMemory.create
FNDA:3,Object.<anonymous>.UsersRepositoryInMemory.exists
DA:1,1
DA:2,1
DA:3,1
DA:4,1
DA:5,1
DA:6,1
DA:7,1
DA:8,1
DA:9,2
DA:10,2
DA:11,2
DA:12,2
DA:13,2
DA:14,2
DA:15,2
DA:16,1
DA:17,1
DA:18,3
DA:19,3
DA:20,3
DA:21,1
DA:22,1
DA:23,1
LF:23
LH:23
BRDA:5,0,0,1
BRDA:5,1,0,1
BRDA:8,2,0,2
BRDA:17,3,0,3
BRDA:18,4,0,3
BRF:5
BRH:5
end_of_record
